# JRE version: OpenJDK Runtime Environment (21.0.3) (build 21.0.3+-12282718-b509.11)
# Java VM: OpenJDK 64-Bit Server VM (21.0.3+-12282718-b509.11, mixed mode, tiered, compressed oops, compressed class ptrs, g1 gc, windows-amd64)
GC Precious Log:
 CardTable entry size: 512
 Card Set container configuration: InlinePtr #cards 5 size 8 Array Of Cards #cards 12 size 40 Howl #buckets 4 coarsen threshold 1843 Howl Bitmap #cards 512 size 80 coarsen threshold 460 Card regions per heap region 1 cards per card region 2048
 CPUs: 16 total, 16 available
 Memory: 15791M
 Large Page Support: Disabled
 NUMA Support: Disabled
 Compressed Oops: Enabled (32-bit)
 Heap Region Size: 1M
 Heap Min Capacity: 8M
 Heap Initial Capacity: 248M
 Heap Max Capacity: 2G
 Pre-touch: Disabled
 Parallel Workers: 13
 Concurrent Workers: 3
 Concurrent Refinement Workers: 13
 Periodic GC: Disabled
Heap:
 garbage-first heap   total 235520K, used 145003K [0x0000000080000000, 0x0000000100000000)
  region size 1024K, 15 young (15360K), 9 survivors (9216K)
 Metaspace       used 143331K, committed 145536K, reserved 1179648K
  class space    used 19789K, committed 20864K, reserved 1048576K
GC Heap History (20 events):
Event: 14.345 GC heap before
{Heap before GC invocations=34 (full 0):
 garbage-first heap   total 174080K, used 153792K [0x0000000080000000, 0x0000000100000000)
  region size 1024K, 55 young (56320K), 2 survivors (2048K)
 Metaspace       used 115850K, committed 117888K, reserved 1179648K
  class space    used 15696K, committed 16704K, reserved 1048576K
}
Event: 14.354 GC heap after
{Heap after GC invocations=35 (full 0):
 garbage-first heap   total 174080K, used 115712K [0x0000000080000000, 0x0000000100000000)
  region size 1024K, 7 young (7168K), 7 survivors (7168K)
 Metaspace       used 115850K, committed 117888K, reserved 1179648K
  class space    used 15696K, committed 16704K, reserved 1048576K
}
Event: 14.878 GC heap before
{Heap before GC invocations=35 (full 0):
 garbage-first heap   total 174080K, used 168960K [0x0000000080000000, 0x0000000100000000)
  region size 1024K, 45 young (46080K), 7 survivors (7168K)
 Metaspace       used 118215K, committed 120320K, reserved 1179648K
  class space    used 15955K, committed 17024K, reserved 1048576K
}
Event: 14.887 GC heap after
{Heap after GC invocations=36 (full 0):
 garbage-first heap   total 184320K, used 119184K [0x0000000080000000, 0x0000000100000000)
  region size 1024K, 5 young (5120K), 5 survivors (5120K)
 Metaspace       used 118215K, committed 120320K, reserved 1179648K
  class space    used 15955K, committed 17024K, reserved 1048576K
}
Event: 15.240 GC heap before
{Heap before GC invocations=36 (full 0):
 garbage-first heap   total 184320K, used 163216K [0x0000000080000000, 0x0000000100000000)
  region size 1024K, 49 young (50176K), 5 survivors (5120K)
 Metaspace       used 118748K, committed 120896K, reserved 1179648K
  class space    used 16016K, committed 17088K, reserved 1048576K
}
Event: 15.247 GC heap after
{Heap after GC invocations=37 (full 0):
 garbage-first heap   total 221184K, used 123397K [0x0000000080000000, 0x0000000100000000)
  region size 1024K, 5 young (5120K), 5 survivors (5120K)
 Metaspace       used 118748K, committed 120896K, reserved 1179648K
  class space    used 16016K, committed 17088K, reserved 1048576K
}
Event: 16.083 GC heap before
{Heap before GC invocations=38 (full 0):
 garbage-first heap   total 221184K, used 185861K [0x0000000080000000, 0x0000000100000000)
  region size 1024K, 67 young (68608K), 5 survivors (5120K)
 Metaspace       used 120168K, committed 122240K, reserved 1179648K
  class space    used 16183K, committed 17216K, reserved 1048576K
}
Event: 16.089 GC heap after
{Heap after GC invocations=39 (full 0):
 garbage-first heap   total 221184K, used 127829K [0x0000000080000000, 0x0000000100000000)
  region size 1024K, 9 young (9216K), 9 survivors (9216K)
 Metaspace       used 120168K, committed 122240K, reserved 1179648K
  class space    used 16183K, committed 17216K, reserved 1048576K
}
Event: 16.381 GC heap before
{Heap before GC invocations=39 (full 0):
 garbage-first heap   total 221184K, used 189269K [0x0000000080000000, 0x0000000100000000)
  region size 1024K, 70 young (71680K), 9 survivors (9216K)
 Metaspace       used 120683K, committed 122752K, reserved 1179648K
  class space    used 16235K, committed 17280K, reserved 1048576K
}
Event: 16.388 GC heap after
{Heap after GC invocations=40 (full 0):
 garbage-first heap   total 221184K, used 126178K [0x0000000080000000, 0x0000000100000000)
  region size 1024K, 6 young (6144K), 6 survivors (6144K)
 Metaspace       used 120683K, committed 122752K, reserved 1179648K
  class space    used 16235K, committed 17280K, reserved 1048576K
}
Event: 17.939 GC heap before
{Heap before GC invocations=40 (full 0):
 garbage-first heap   total 221184K, used 190690K [0x0000000080000000, 0x0000000100000000)
  region size 1024K, 70 young (71680K), 6 survivors (6144K)
 Metaspace       used 121828K, committed 123968K, reserved 1179648K
  class space    used 16344K, committed 17408K, reserved 1048576K
}
Event: 17.946 GC heap after
{Heap after GC invocations=41 (full 0):
 garbage-first heap   total 221184K, used 128817K [0x0000000080000000, 0x0000000100000000)
  region size 1024K, 5 young (5120K), 5 survivors (5120K)
 Metaspace       used 121828K, committed 123968K, reserved 1179648K
  class space    used 16344K, committed 17408K, reserved 1048576K
}
Event: 18.661 GC heap before
{Heap before GC invocations=42 (full 0):
 garbage-first heap   total 229376K, used 195377K [0x0000000080000000, 0x0000000100000000)
  region size 1024K, 70 young (71680K), 5 survivors (5120K)
 Metaspace       used 124045K, committed 126144K, reserved 1179648K
  class space    used 16615K, committed 17664K, reserved 1048576K
}
Event: 18.670 GC heap after
{Heap after GC invocations=43 (full 0):
 garbage-first heap   total 229376K, used 132370K [0x0000000080000000, 0x0000000100000000)
  region size 1024K, 9 young (9216K), 9 survivors (9216K)
 Metaspace       used 124045K, committed 126144K, reserved 1179648K
  class space    used 16615K, committed 17664K, reserved 1048576K
}
Event: 19.629 GC heap before
{Heap before GC invocations=43 (full 0):
 garbage-first heap   total 229376K, used 200978K [0x0000000080000000, 0x0000000100000000)
  region size 1024K, 77 young (78848K), 9 survivors (9216K)
 Metaspace       used 129560K, committed 131648K, reserved 1179648K
  class space    used 17444K, committed 18496K, reserved 1048576K
}
Event: 19.641 GC heap after
{Heap after GC invocations=44 (full 0):
 garbage-first heap   total 229376K, used 131043K [0x0000000080000000, 0x0000000100000000)
  region size 1024K, 10 young (10240K), 10 survivors (10240K)
 Metaspace       used 129560K, committed 131648K, reserved 1179648K
  class space    used 17444K, committed 18496K, reserved 1048576K
}
Event: 20.449 GC heap before
{Heap before GC invocations=44 (full 0):
 garbage-first heap   total 229376K, used 201699K [0x0000000080000000, 0x0000000100000000)
  region size 1024K, 80 young (81920K), 10 survivors (10240K)
 Metaspace       used 138789K, committed 140928K, reserved 1179648K
  class space    used 19158K, committed 20224K, reserved 1048576K
}
Event: 20.458 GC heap after
{Heap after GC invocations=45 (full 0):
 garbage-first heap   total 229376K, used 135236K [0x0000000080000000, 0x0000000100000000)
  region size 1024K, 5 young (5120K), 5 survivors (5120K)
 Metaspace       used 138789K, committed 140928K, reserved 1179648K
  class space    used 19158K, committed 20224K, reserved 1048576K
}
Event: 21.117 GC heap before
{Heap before GC invocations=46 (full 0):
 garbage-first heap   total 235520K, used 204868K [0x0000000080000000, 0x0000000100000000)
  region size 1024K, 73 young (74752K), 5 survivors (5120K)
 Metaspace       used 143084K, committed 145216K, reserved 1179648K
  class space    used 19740K, committed 20800K, reserved 1048576K
}
Event: 21.127 GC heap after
{Heap after GC invocations=47 (full 0):
 garbage-first heap   total 235520K, used 139883K [0x0000000080000000, 0x0000000100000000)
  region size 1024K, 9 young (9216K), 9 survivors (9216K)
 Metaspace       used 143084K, committed 145216K, reserved 1179648K
  class space    used 19740K, committed 20800K, reserved 1048576K
}

