# JRE version: OpenJDK Runtime Environment (21.0.3) (build 21.0.3+-12282718-b509.11)
# Java VM: OpenJDK 64-Bit Server VM (21.0.3+-12282718-b509.11, mixed mode, tiered, compressed oops, compressed class ptrs, g1 gc, windows-amd64)
GC Precious Log:
 CardTable entry size: 512
 Card Set container configuration: InlinePtr #cards 5 size 8 Array Of Cards #cards 12 size 40 Howl #buckets 4 coarsen threshold 1843 Howl Bitmap #cards 512 size 80 coarsen threshold 460 Card regions per heap region 1 cards per card region 2048
 CPUs: 16 total, 16 available
 Memory: 15791M
 Large Page Support: Disabled
 NUMA Support: Disabled
 Compressed Oops: Enabled (32-bit)
 Heap Region Size: 1M
 Heap Min Capacity: 8M
 Heap Initial Capacity: 248M
 Heap Max Capacity: 2G
 Pre-touch: Disabled
 Parallel Workers: 13
 Concurrent Workers: 3
 Concurrent Refinement Workers: 13
 Periodic GC: Disabled
Heap:
 garbage-first heap   total 282624K, used 175380K [0x0000000080000000, 0x0000000100000000)
  region size 1024K, 47 young (48128K), 5 survivors (5120K)
 Metaspace       used 147572K, committed 149824K, reserved 1179648K
  class space    used 20480K, committed 21632K, reserved 1048576K
GC Heap History (20 events):
Event: 17.254 GC heap before
{Heap before GC invocations=35 (full 0):
 garbage-first heap   total 219136K, used 181873K [0x0000000080000000, 0x0000000100000000)
  region size 1024K, 64 young (65536K), 5 survivors (5120K)
 Metaspace       used 111206K, committed 113280K, reserved 1179648K
  class space    used 15026K, committed 16064K, reserved 1048576K
}
Event: 17.262 GC heap after
{Heap after GC invocations=36 (full 0):
 garbage-first heap   total 219136K, used 128064K [0x0000000080000000, 0x0000000100000000)
  region size 1024K, 6 young (6144K), 6 survivors (6144K)
 Metaspace       used 111206K, committed 113280K, reserved 1179648K
  class space    used 15026K, committed 16064K, reserved 1048576K
}
Event: 17.521 GC heap before
{Heap before GC invocations=36 (full 0):
 garbage-first heap   total 219136K, used 186432K [0x0000000080000000, 0x0000000100000000)
  region size 1024K, 64 young (65536K), 6 survivors (6144K)
 Metaspace       used 111711K, committed 113792K, reserved 1179648K
  class space    used 15083K, committed 16128K, reserved 1048576K
}
Event: 17.527 GC heap after
{Heap after GC invocations=37 (full 0):
 garbage-first heap   total 219136K, used 130935K [0x0000000080000000, 0x0000000100000000)
  region size 1024K, 5 young (5120K), 5 survivors (5120K)
 Metaspace       used 111711K, committed 113792K, reserved 1179648K
  class space    used 15083K, committed 16128K, reserved 1048576K
}
Event: 18.785 GC heap before
{Heap before GC invocations=37 (full 0):
 garbage-first heap   total 219136K, used 190327K [0x0000000080000000, 0x0000000100000000)
  region size 1024K, 64 young (65536K), 5 survivors (5120K)
 Metaspace       used 112723K, committed 114816K, reserved 1179648K
  class space    used 15190K, committed 16256K, reserved 1048576K
}
Event: 18.791 GC heap after
{Heap after GC invocations=38 (full 0):
 garbage-first heap   total 219136K, used 136734K [0x0000000080000000, 0x0000000100000000)
  region size 1024K, 8 young (8192K), 8 survivors (8192K)
 Metaspace       used 112723K, committed 114816K, reserved 1179648K
  class space    used 15190K, committed 16256K, reserved 1048576K
}
Event: 19.291 GC heap before
{Heap before GC invocations=39 (full 0):
 garbage-first heap   total 222208K, used 181790K [0x0000000080000000, 0x0000000100000000)
  region size 1024K, 63 young (64512K), 8 survivors (8192K)
 Metaspace       used 113408K, committed 115456K, reserved 1179648K
  class space    used 15261K, committed 16320K, reserved 1048576K
}
Event: 19.297 GC heap after
{Heap after GC invocations=40 (full 0):
 garbage-first heap   total 222208K, used 126055K [0x0000000080000000, 0x0000000100000000)
  region size 1024K, 6 young (6144K), 6 survivors (6144K)
 Metaspace       used 113408K, committed 115456K, reserved 1179648K
  class space    used 15261K, committed 16320K, reserved 1048576K
}
Event: 19.974 GC heap before
{Heap before GC invocations=40 (full 0):
 garbage-first heap   total 222208K, used 194663K [0x0000000080000000, 0x0000000100000000)
  region size 1024K, 74 young (75776K), 6 survivors (6144K)
 Metaspace       used 119452K, committed 121600K, reserved 1179648K
  class space    used 16252K, committed 17344K, reserved 1048576K
}
Event: 19.985 GC heap after
{Heap after GC invocations=41 (full 0):
 garbage-first heap   total 222208K, used 120217K [0x0000000080000000, 0x0000000100000000)
  region size 1024K, 10 young (10240K), 10 survivors (10240K)
 Metaspace       used 119452K, committed 121600K, reserved 1179648K
  class space    used 16252K, committed 17344K, reserved 1048576K
}
Event: 20.574 GC heap before
{Heap before GC invocations=41 (full 0):
 garbage-first heap   total 222208K, used 193945K [0x0000000080000000, 0x0000000100000000)
  region size 1024K, 83 young (84992K), 10 survivors (10240K)
 Metaspace       used 128028K, committed 130176K, reserved 1179648K
  class space    used 17896K, committed 19008K, reserved 1048576K
}
Event: 20.586 GC heap after
{Heap after GC invocations=42 (full 0):
 garbage-first heap   total 222208K, used 128232K [0x0000000080000000, 0x0000000100000000)
  region size 1024K, 8 young (8192K), 8 survivors (8192K)
 Metaspace       used 128028K, committed 130176K, reserved 1179648K
  class space    used 17896K, committed 19008K, reserved 1048576K
}
Event: 21.189 GC heap before
{Heap before GC invocations=42 (full 0):
 garbage-first heap   total 222208K, used 195816K [0x0000000080000000, 0x0000000100000000)
  region size 1024K, 75 young (76800K), 8 survivors (8192K)
 Metaspace       used 133284K, committed 135552K, reserved 1179648K
  class space    used 18711K, committed 19840K, reserved 1048576K
}
Event: 21.198 GC heap after
{Heap after GC invocations=43 (full 0):
 garbage-first heap   total 222208K, used 131120K [0x0000000080000000, 0x0000000100000000)
  region size 1024K, 4 young (4096K), 4 survivors (4096K)
 Metaspace       used 133284K, committed 135552K, reserved 1179648K
  class space    used 18711K, committed 19840K, reserved 1048576K
}
Event: 21.739 GC heap before
{Heap before GC invocations=44 (full 0):
 garbage-first heap   total 235520K, used 198704K [0x0000000080000000, 0x0000000100000000)
  region size 1024K, 71 young (72704K), 4 survivors (4096K)
 Metaspace       used 136160K, committed 138432K, reserved 1179648K
  class space    used 19211K, committed 20352K, reserved 1048576K
}
Event: 21.748 GC heap after
{Heap after GC invocations=45 (full 0):
 garbage-first heap   total 235520K, used 138474K [0x0000000080000000, 0x0000000100000000)
  region size 1024K, 9 young (9216K), 9 survivors (9216K)
 Metaspace       used 136160K, committed 138432K, reserved 1179648K
  class space    used 19211K, committed 20352K, reserved 1048576K
}
Event: 22.406 GC heap before
{Heap before GC invocations=45 (full 0):
 garbage-first heap   total 235520K, used 213226K [0x0000000080000000, 0x0000000100000000)
  region size 1024K, 79 young (80896K), 9 survivors (9216K)
 Metaspace       used 137919K, committed 140160K, reserved 1179648K
  class space    used 19496K, committed 20608K, reserved 1048576K
}
Event: 22.417 GC heap after
{Heap after GC invocations=46 (full 0):
 garbage-first heap   total 282624K, used 129425K [0x0000000080000000, 0x0000000100000000)
  region size 1024K, 1 young (1024K), 1 survivors (1024K)
 Metaspace       used 137919K, committed 140160K, reserved 1179648K
  class space    used 19496K, committed 20608K, reserved 1048576K
}
Event: 52.914 GC heap before
{Heap before GC invocations=46 (full 0):
 garbage-first heap   total 282624K, used 258449K [0x0000000080000000, 0x0000000100000000)
  region size 1024K, 107 young (109568K), 1 survivors (1024K)
 Metaspace       used 147271K, committed 149568K, reserved 1179648K
  class space    used 20479K, committed 21632K, reserved 1048576K
}
Event: 52.919 GC heap after
{Heap after GC invocations=47 (full 0):
 garbage-first heap   total 282624K, used 133396K [0x0000000080000000, 0x0000000100000000)
  region size 1024K, 5 young (5120K), 5 survivors (5120K)
 Metaspace       used 147271K, committed 149568K, reserved 1179648K
  class space    used 20479K, committed 21632K, reserved 1048576K
}

